Построение начато 02.01.2014 13:24:19.
     1>Проект "C:\Users\Игорь\Desktop\новые проги\винапи проба\7day to die alpha 5\2134\2134.vcxproj" в узле 2 (целевые объекты build).
     1>InitializeBuildStatus:
         Создание "Debug\2134.unsuccessfulbuild", так как было задано "AlwaysCreate".
       ClCompile:
         C:\Program Files (x86)\Microsoft Visual Studio 10.0\VC\bin\CL.exe /c /ZI /nologo /W3 /WX- /Od /Oy- /D WIN32 /D _DEBUG /D _WINDOWS /D _MBCS /Gm /EHsc /RTC1 /MDd /GS /fp:precise /Zc:wchar_t /Zc:forScope /Fo"Debug\\" /Fd"Debug\vc100.pdb" /Gd /TP /analyze- /errorReport:prompt Main.cpp
         Main.cpp
     1>c:\users\игорь\desktop\новые проги\винапи проба\7day to die alpha 5\2134\function.h(102): warning C4700: использована неинициализированная локальная переменная "miInfo"
       ResourceCompile:
         Для всех выходных данных обновления не требуется.
       ManifestResourceCompile:
         Для всех выходных данных обновления не требуется.
       Link:
         C:\Program Files (x86)\Microsoft Visual Studio 10.0\VC\bin\link.exe /ERRORREPORT:PROMPT /OUT:"C:\Users\Игорь\Desktop\новые проги\винапи проба\7day to die alpha 5\Debug\2134.exe" /INCREMENTAL /NOLOGO kernel32.lib user32.lib gdi32.lib winspool.lib comdlg32.lib advapi32.lib shell32.lib ole32.lib oleaut32.lib uuid.lib odbc32.lib odbccp32.lib /MANIFEST /ManifestFile:"Debug\2134.exe.intermediate.manifest" /MANIFESTUAC:"level='asInvoker' uiAccess='false'" /DEBUG /PDB:"C:\Users\Игорь\Desktop\новые проги\винапи проба\7day to die alpha 5\Debug\2134.pdb" /SUBSYSTEM:WINDOWS /TLBID:1 /DYNAMICBASE /NXCOMPAT /IMPLIB:"C:\Users\Игорь\Desktop\новые проги\винапи проба\7day to die alpha 5\Debug\2134.lib" /MACHINE:X86 Debug\resource.res
         Debug\2134.exe.embed.manifest.res
         Debug\Main.obj
       Manifest:
         C:\Program Files (x86)\Microsoft SDKs\Windows\v7.0A\bin\mt.exe /nologo /verbose /out:"Debug\2134.exe.embed.manifest" /manifest Debug\2134.exe.intermediate.manifest
         Для всех выходных данных обновления не требуется.
       LinkEmbedManifest:
         Для всех выходных данных обновления не требуется.
         2134.vcxproj -> C:\Users\Игорь\Desktop\новые проги\винапи проба\7day to die alpha 5\Debug\2134.exe
       FinalizeBuildStatus:
         Файл "Debug\2134.unsuccessfulbuild" удаляется.
         Обращение к "Debug\2134.lastbuildstate".
     1>Построение проекта "C:\Users\Игорь\Desktop\новые проги\винапи проба\7day to die alpha 5\2134\2134.vcxproj" завершено (целевые объекты build).

Построение успешно завершено.

Затраченное время: 00:00:01.83
