Построение начато 02.01.2014 13:21:53.
     1>Проект "C:\Users\Игорь\Desktop\новые проги\винапи проба\7day to die alpha 5\2134\2134.vcxproj" в узле 2 (целевые объекты build).
     1>InitializeBuildStatus:
         Обращение к "Release\2134.unsuccessfulbuild".
       ClCompile:
         C:\Program Files (x86)\Microsoft Visual Studio 10.0\VC\bin\CL.exe /c /Zi /nologo /W3 /WX- /O2 /Oi /Oy- /GL /D WIN32 /D NDEBUG /D _WINDOWS /D _UNICODE /D UNICODE /Gm- /EHsc /MD /GS /Gy /fp:precise /Zc:wchar_t /Zc:forScope /Fo"Release\\" /Fd"Release\vc100.pdb" /Gd /TP /analyze- /errorReport:prompt Main.cpp
         Main.cpp
     1>c:\users\игорь\desktop\новые проги\винапи проба\7day to die alpha 5\2134\dialog.h(14): error C2664: MessageBoxW: невозможно преобразовать параметр 2 из "const char [37]" в "LPCWSTR"
                 Типы, на которые указывают указатели, не связаны; для преобразования требуется reinterpret_cast, приведение в стиле С или приведение в стиле функции
     1>c:\users\игорь\desktop\новые проги\винапи проба\7day to die alpha 5\2134\dialog.h(23): error C2664: MessageBoxW: невозможно преобразовать параметр 2 из "const char [31]" в "LPCWSTR"
                 Типы, на которые указывают указатели, не связаны; для преобразования требуется reinterpret_cast, приведение в стиле С или приведение в стиле функции
     1>c:\users\игорь\desktop\новые проги\винапи проба\7day to die alpha 5\2134\dialog.h(32): error C2664: MessageBoxW: невозможно преобразовать параметр 2 из "const char [31]" в "LPCWSTR"
                 Типы, на которые указывают указатели, не связаны; для преобразования требуется reinterpret_cast, приведение в стиле С или приведение в стиле функции
     1>c:\users\игорь\desktop\новые проги\винапи проба\7day to die alpha 5\2134\dialog.h(41): error C2664: MessageBoxW: невозможно преобразовать параметр 2 из "const char [31]" в "LPCWSTR"
                 Типы, на которые указывают указатели, не связаны; для преобразования требуется reinterpret_cast, приведение в стиле С или приведение в стиле функции
     1>c:\users\игорь\desktop\новые проги\винапи проба\7day to die alpha 5\2134\dialog.h(50): error C2664: MessageBoxW: невозможно преобразовать параметр 2 из "const char [31]" в "LPCWSTR"
                 Типы, на которые указывают указатели, не связаны; для преобразования требуется reinterpret_cast, приведение в стиле С или приведение в стиле функции
     1>c:\users\игорь\desktop\новые проги\винапи проба\7day to die alpha 5\2134\function.h(30): error C2664: strcmp: невозможно преобразовать параметр 1 из "WCHAR [256]" в "const char *"
                 Типы, на которые указывают указатели, не связаны; для преобразования требуется reinterpret_cast, приведение в стиле С или приведение в стиле функции
     1>c:\users\игорь\desktop\новые проги\винапи проба\7day to die alpha 5\2134\function.h(59): error C2664: GetModuleHandleW: невозможно преобразовать параметр 1 из "const char [10]" в "LPCWSTR"
                 Типы, на которые указывают указатели, не связаны; для преобразования требуется reinterpret_cast, приведение в стиле С или приведение в стиле функции
     1>c:\users\игорь\desktop\новые проги\винапи проба\7day to die alpha 5\2134\function.h(214): error C2664: GetModuleHandleW: невозможно преобразовать параметр 1 из "const char [13]" в "LPCWSTR"
                 Типы, на которые указывают указатели, не связаны; для преобразования требуется reinterpret_cast, приведение в стиле С или приведение в стиле функции
     1>c:\users\игорь\desktop\новые проги\винапи проба\7day to die alpha 5\2134\main.h(41): error C2664: FindWindowW: невозможно преобразовать параметр 2 из "const char [14]" в "LPCWSTR"
                 Типы, на которые указывают указатели, не связаны; для преобразования требуется reinterpret_cast, приведение в стиле С или приведение в стиле функции
     1>c:\users\игорь\desktop\новые проги\винапи проба\7day to die alpha 5\2134\main.h(114): error C2664: FindWindowW: невозможно преобразовать параметр 2 из "const char [14]" в "LPCWSTR"
                 Типы, на которые указывают указатели, не связаны; для преобразования требуется reinterpret_cast, приведение в стиле С или приведение в стиле функции
     1>c:\users\игорь\desktop\новые проги\винапи проба\7day to die alpha 5\2134\main.h(122): error C2664: GetFullPathNameW: невозможно преобразовать параметр 1 из "char [32]" в "LPCWSTR"
                 Типы, на которые указывают указатели, не связаны; для преобразования требуется reinterpret_cast, приведение в стиле С или приведение в стиле функции
     1>Main.cpp(39): error C2440: инициализация: невозможно преобразовать "const char [17]" в "LPCTSTR"
                 Типы, на которые указывают указатели, не связаны; для преобразования требуется reinterpret_cast, приведение в стиле С или приведение в стиле функции
     1>Main.cpp(151): error C2664: mainForm::CreateWindowCl: невозможно преобразовать параметр 1 из "const char [7]" в "LPCTSTR"
                 Типы, на которые указывают указатели, не связаны; для преобразования требуется reinterpret_cast, приведение в стиле С или приведение в стиле функции
     1>Main.cpp(154): error C2664: mainForm::CreateWindowCl: невозможно преобразовать параметр 1 из "const char [5]" в "LPCTSTR"
                 Типы, на которые указывают указатели, не связаны; для преобразования требуется reinterpret_cast, приведение в стиле С или приведение в стиле функции
     1>Main.cpp(163): error C2664: mainForm::CreateWindowCl: невозможно преобразовать параметр 1 из "const char [7]" в "LPCTSTR"
                 Типы, на которые указывают указатели, не связаны; для преобразования требуется reinterpret_cast, приведение в стиле С или приведение в стиле функции
     1>Main.cpp(166): error C2664: mainForm::CreateWindowCl: невозможно преобразовать параметр 1 из "const char [5]" в "LPCTSTR"
                 Типы, на которые указывают указатели, не связаны; для преобразования требуется reinterpret_cast, приведение в стиле С или приведение в стиле функции
     1>Main.cpp(172): error C2664: mainForm::CreateWindowCl: невозможно преобразовать параметр 1 из "const char [7]" в "LPCTSTR"
                 Типы, на которые указывают указатели, не связаны; для преобразования требуется reinterpret_cast, приведение в стиле С или приведение в стиле функции
     1>Main.cpp(175): error C2664: mainForm::CreateWindowCl: невозможно преобразовать параметр 1 из "const char [5]" в "LPCTSTR"
                 Типы, на которые указывают указатели, не связаны; для преобразования требуется reinterpret_cast, приведение в стиле С или приведение в стиле функции
     1>Main.cpp(186): error C2664: mainForm::CreateWindowCl: невозможно преобразовать параметр 2 из "const char [27]" в "LPCTSTR"
                 Типы, на которые указывают указатели, не связаны; для преобразования требуется reinterpret_cast, приведение в стиле С или приведение в стиле функции
     1>Построение проекта "C:\Users\Игорь\Desktop\новые проги\винапи проба\7day to die alpha 5\2134\2134.vcxproj" завершено (целевые объекты build) с ошибкой.

СБОЙ построения.

Затраченное время: 00:00:01.17
